Arguments: 
  /Users/lemuelcanady/.nvm/versions/node/v16.13.0/bin/node /Users/lemuelcanady/.nvm/versions/node/v16.13.0/bin/yarn add utypescript

PATH: 
  /Users/lemuelcanady/.nvm/versions/node/v16.13.0/bin:/opt/homebrew/bin:/opt/homebrew/sbin:/usr/local/bin:/usr/bin:/bin:/usr/sbin:/sbin:/Library/Apple/usr/bin:/Users/lemuelcanady/.nvm/versions/node/v16.13.0/bin:/opt/homebrew/bin:/opt/homebrew/sbin

Yarn version: 
  1.22.17

Node version: 
  16.13.0

Platform: 
  darwin arm64

Trace: 
  Error: https://registry.yarnpkg.com/utypescript: Not found
      at Request.params.callback [as _callback] (/Users/lemuelcanady/.nvm/versions/node/v16.13.0/lib/node_modules/yarn/lib/cli.js:67029:18)
      at Request.self.callback (/Users/lemuelcanady/.nvm/versions/node/v16.13.0/lib/node_modules/yarn/lib/cli.js:140883:22)
      at Request.emit (node:events:390:28)
      at Request.<anonymous> (/Users/lemuelcanady/.nvm/versions/node/v16.13.0/lib/node_modules/yarn/lib/cli.js:141855:10)
      at Request.emit (node:events:390:28)
      at IncomingMessage.<anonymous> (/Users/lemuelcanady/.nvm/versions/node/v16.13.0/lib/node_modules/yarn/lib/cli.js:141777:12)
      at Object.onceWrapper (node:events:509:28)
      at IncomingMessage.emit (node:events:402:35)
      at endReadableNT (node:internal/streams/readable:1343:12)
      at processTicksAndRejections (node:internal/process/task_queues:83:21)

npm manifest: 
  {
    "name": "mushy",
    "version": "1.0.0",
    "description": "",
    "main": "index.js",
    "scripts": {
      "test": "echo \"Error: no test specified\" && exit 1"
    },
    "keywords": [],
    "author": "",
    "license": "ISC",
    "devDependencies": {
      "typescript": "^4.0.3"
    },
    "dependencies": {
      "@digibear/middleware": "^0.2.3",
      "peggy": "^1.2.0"
    }
  }

yarn manifest: 
  No manifest

Lockfile: 
  # THIS IS AN AUTOGENERATED FILE. DO NOT EDIT THIS FILE DIRECTLY.
  # yarn lockfile v1
  
  
  "@digibear/middleware@^0.2.3":
    version "0.2.3"
    resolved "https://registry.yarnpkg.com/@digibear/middleware/-/middleware-0.2.3.tgz#2b4f5e860021bf67380b099c11915c79280069d5"
    integrity sha512-aZffpROKZ5OQFQheqxBJLzxbNSDV8+SZ+aJET669N/eIMqRInKIDehPz4J+di+DCOkeN7OCItpOsXdX3R6zYHQ==
  
  peggy@^1.2.0:
    version "1.2.0"
    resolved "https://registry.yarnpkg.com/peggy/-/peggy-1.2.0.tgz#657ba45900cbef1dc9f52356704bdbb193c2021c"
    integrity sha512-PQ+NKpAobImfMprYQtc4Egmyi29bidRGEX0kKjCU5uuW09s0Cthwqhfy7mLkwcB4VcgacE5L/ZjruD/kOPCUUw==
  
  typescript@^4.0.3:
    version "4.2.3"
    resolved "https://registry.yarnpkg.com/typescript/-/typescript-4.2.3.tgz#39062d8019912d43726298f09493d598048c1ce3"
    integrity sha512-qOcYwxaByStAWrBf4x0fibwZvMRG+r4cQoTjbPtUlrWjBHbmCAww1i448U0GJ+3cNNEtebDteo/cHOR3xJ4wEw==
